<component name="libraryTable">
  <library name="junit-4.12">
    <CLASSES>
      <root url="jar://$PROJECT_DIR$/lib/mysql-connector-java-5.1.41-bin.jar!/" />
      <root url="file://$PROJECT_DIR$/lib" />
      <root url="jar://$PROJECT_DIR$/../../Assests and Libraries/JUnit/junit-4.12.jar!/" />
      <root url="jar://$PROJECT_DIR$/../../Assests and Libraries/JUnit/hamcrest-core-1.3.jar!/" />
    </CLASSES>
    <JAVADOC />
    <SOURCES />
    <jarDirectory url="file://$PROJECT_DIR$/lib" recursive="false" />
  </library>
</component>